0 silly argv {
0 silly argv   _: [ 'import' ],
0 silly argv   'preserve-commit': true,
0 silly argv   preserveCommit: true,
0 silly argv   loglevel: 'debug',
0 silly argv   lernaVersion: '5.1.4',
0 silly argv   '$0': 'node_modules/.bin/lerna',
0 silly argv   dir: '../eve-storage'
0 silly argv }
1 notice cli v5.1.4
2 verbose rootPath /home/timon/projects/eve
3 error Error: Command failed with exit code 128: git rev-parse HEAD
3 error fatal: ambiguous argument 'HEAD': unknown revision or path not in the working tree.
3 error Use '--' to separate paths from revisions, like this:
3 error 'git <command> [<revision>...] -- [<file>...]'
3 error HEAD
3 error     at makeError (/home/timon/projects/eve/node_modules/execa/lib/error.js:60:11)
3 error     at module.exports.sync (/home/timon/projects/eve/node_modules/execa/index.js:194:17)
3 error     at Object.execSync (/home/timon/projects/eve/node_modules/@lerna/child-process/index.js:39:16)
3 error     at ImportCommand.execSync (/home/timon/projects/eve/node_modules/@lerna/import/index.js:141:25)
3 error     at ImportCommand.getCurrentSHA (/home/timon/projects/eve/node_modules/@lerna/import/index.js:133:17)
3 error     at ImportCommand.initialize (/home/timon/projects/eve/node_modules/@lerna/import/index.js:102:31)
3 error     at /home/timon/projects/eve/node_modules/@lerna/command/index.js:274:24
